Tue Dec 16 19:10:59 CET 2014 : Serwer sieciowy Apache Derby - 10.8.3.0 - (1405108) uruchomiony i gotowy do zaakceptowania po³¹czeñ na porcie 1527 w {3} 
----------------------------------------------------------------
Tue Dec 16 19:14:07 CET 2014:
 Uruchamianie wersji The Apache Software Foundation - Apache Derby - 10.8.3.0 - (1405108) systemu Derby: instancja a816c00e-014a-544b-c3f9-00002fb24100
w katalogu bazy danych D:\github\WebLibrary\db\WebLibraryDB  sun.misc.Launcher$AppClassLoader@631d75b9 

java.vendor=Oracle Corporation
java.runtime.version=1.7.0_51-b13
user.dir=C:\Program Files\Java\jdk1.7.0_51\db
os.name=Windows 7
os.arch=amd64
os.version=6.1
derby.system.home=D:\github\WebLibrary\db
Uruchomiono program ³aduj¹cy klasê bazy danych - derby.database.classpath=''
----------------------------------------------------------------
Tue Dec 16 19:14:09 CET 2014:
Wy³¹czanie instancji a816c00e-014a-544b-c3f9-00002fb24100
Tue Dec 16 19:14:09 CET 2014 Thread[DRDAConnThread_4,5,main] (DATABASE = WebLibraryDB), (DRDAID = {2}), Baza danych 'WebLibraryDB' zosta³a wy³¹czona.
----------------------------------------------------------------
Tue Dec 16 19:14:21 CET 2014:
 Uruchamianie wersji The Apache Software Foundation - Apache Derby - 10.8.3.0 - (1405108) systemu Derby: instancja 23ce809c-014a-544b-c3f9-00002fb24100
w katalogu bazy danych D:\github\WebLibrary\db\WebLibraryDB  sun.misc.Launcher$AppClassLoader@631d75b9 

java.vendor=Oracle Corporation
java.runtime.version=1.7.0_51-b13
user.dir=C:\Program Files\Java\jdk1.7.0_51\db
os.name=Windows 7
os.arch=amd64
os.version=6.1
derby.system.home=D:\github\WebLibrary\db
Uruchomiono program ³aduj¹cy klasê bazy danych - derby.database.classpath=''
